Build started 21/10/2015 11:54:36.
     1>Project "C:\Users\usuario\Documents\GitHub\practica1\Cliente\Cliente.vcxproj" on node 2 (Build target(s)).
     1>ClCompile:
         C:\Program Files (x86)\Microsoft Visual Studio 11.0\VC\bin\CL.exe /c /ZI /nologo /W3 /WX- /Od /Oy- /D _MBCS /Gm /EHsc /RTC1 /MDd /GS /fp:precise /Zc:wchar_t /Zc:forScope /Fo"Debug\\" /Fd"Debug\vc110.pdb" /Gd /TC /analyze- /errorReport:prompt ..\..\Practica1Cliente\cliente.c
         cliente.c
     1>c:\users\usuario\documents\github\practica1cliente\protocol.h(19): warning C4005: 'ERROR' : redefinición de macro
                 c:\program files (x86)\windows kits\8.0\include\um\wingdi.h(114) : vea la definición anterior de 'ERROR'
     1>c:\users\usuario\documents\github\practica1cliente\cliente.c(73): warning C4996: 'gets': This function or variable may be unsafe. Consider using gets_s instead. To disable deprecation, use _CRT_SECURE_NO_WARNINGS. See online help for details.
                 c:\program files (x86)\microsoft visual studio 11.0\vc\include\stdio.h(261) : vea la declaración de 'gets'
     1>c:\users\usuario\documents\github\practica1cliente\cliente.c(76): warning C4996: 'strcpy': This function or variable may be unsafe. Consider using strcpy_s instead. To disable deprecation, use _CRT_SECURE_NO_WARNINGS. See online help for details.
                 c:\program files (x86)\microsoft visual studio 11.0\vc\include\string.h(110) : vea la declaración de 'strcpy'
     1>c:\users\usuario\documents\github\practica1cliente\cliente.c(101): warning C4996: 'gets': This function or variable may be unsafe. Consider using gets_s instead. To disable deprecation, use _CRT_SECURE_NO_WARNINGS. See online help for details.
                 c:\program files (x86)\microsoft visual studio 11.0\vc\include\stdio.h(261) : vea la declaración de 'gets'
     1>c:\users\usuario\documents\github\practica1cliente\cliente.c(113): warning C4996: 'gets': This function or variable may be unsafe. Consider using gets_s instead. To disable deprecation, use _CRT_SECURE_NO_WARNINGS. See online help for details.
                 c:\program files (x86)\microsoft visual studio 11.0\vc\include\stdio.h(261) : vea la declaración de 'gets'
     1>c:\users\usuario\documents\github\practica1cliente\cliente.c(129): warning C4996: 'scanf': This function or variable may be unsafe. Consider using scanf_s instead. To disable deprecation, use _CRT_SECURE_NO_WARNINGS. See online help for details.
                 c:\program files (x86)\microsoft visual studio 11.0\vc\include\stdio.h(290) : vea la declaración de 'scanf'
     1>c:\users\usuario\documents\github\practica1cliente\cliente.c(135): warning C4996: 'scanf': This function or variable may be unsafe. Consider using scanf_s instead. To disable deprecation, use _CRT_SECURE_NO_WARNINGS. See online help for details.
                 c:\program files (x86)\microsoft visual studio 11.0\vc\include\stdio.h(290) : vea la declaración de 'scanf'
     1>c:\users\usuario\documents\github\practica1cliente\cliente.c(144): warning C4996: 'gets': This function or variable may be unsafe. Consider using gets_s instead. To disable deprecation, use _CRT_SECURE_NO_WARNINGS. See online help for details.
                 c:\program files (x86)\microsoft visual studio 11.0\vc\include\stdio.h(261) : vea la declaración de 'gets'
       Link:
         C:\Program Files (x86)\Microsoft Visual Studio 11.0\VC\bin\link.exe /ERRORREPORT:PROMPT /OUT:"C:\Users\usuario\Documents\GitHub\practica1\Cliente\Debug\Cliente.exe" /INCREMENTAL /NOLOGO wsock32.lib kernel32.lib user32.lib gdi32.lib winspool.lib comdlg32.lib advapi32.lib shell32.lib ole32.lib oleaut32.lib uuid.lib odbc32.lib odbccp32.lib /MANIFEST /MANIFESTUAC:"level='asInvoker' uiAccess='false'" /manifest:embed /DEBUG /PDB:"C:\Users\usuario\Documents\GitHub\practica1\Cliente\Debug\Cliente.pdb" /TLBID:1 /DYNAMICBASE /NXCOMPAT /IMPLIB:"C:\Users\usuario\Documents\GitHub\practica1\Cliente\Debug\Cliente.lib" /MACHINE:X86 Debug\cliente.obj
         Cliente.vcxproj -> C:\Users\usuario\Documents\GitHub\practica1\Cliente\Debug\Cliente.exe
     1>Done Building Project "C:\Users\usuario\Documents\GitHub\practica1\Cliente\Cliente.vcxproj" (Build target(s)).

Build succeeded.

Time Elapsed 00:00:00.81
